[dotenv@17.2.3] injecting env (46) from .env.vercel -- tip: âš™ï¸  load multiple .env files with { path: ['.env.local', '.env'] }
[dotenv@17.2.3] injecting env (0) from .env.local -- tip: âš™ï¸  enable debug logging with { debug: true }
[dotenv@17.2.3] injecting env (0) from .env -- tip: ðŸ” prevent committing .env to code: https://dotenvx.com/precommit
(node:32004) Warning: SECURITY WARNING: The SSL modes 'prefer', 'require', and 'verify-ca' are treated as aliases for 'verify-full'.
In the next major version (pg-connection-string v3.0.0 and pg v9.0.0), these modes will adopt standard libpq semantics, which have weaker security guarantees.

To prepare for this change:
- If you want the current behavior, explicitly use 'sslmode=verify-full'
- If you want libpq compatibility now, use 'uselibpqcompat=true&sslmode=require'

See https://www.postgresql.org/docs/current/libpq-ssl.html for libpq SSL mode definitions.
(Use `node --trace-warnings ...` to show where the warning was created)

--- Geocoded: 380 / 658 (target 658) ---

(node:32004) [DEP0190] DeprecationWarning: Passing args to a child process with shell option true can lead to security vulnerabilities, as the arguments are not escaped, only concatenated.
[dotenv@17.2.3] injecting env (0) from .env.vercel -- tip: âš™ï¸  suppress all logs with { quiet: true }
[dotenv@17.2.3] injecting env (0) from .env.local -- tip: ðŸ“¡ add observability to secrets: https://dotenvx.com/ops
[dotenv@17.2.3] injecting env (0) from .env -- tip: ðŸ” encrypt with Dotenvx: https://dotenvx.com
(node:32007) Warning: SECURITY WARNING: The SSL modes 'prefer', 'require', and 'verify-ca' are treated as aliases for 'verify-full'.
In the next major version (pg-connection-string v3.0.0 and pg v9.0.0), these modes will adopt standard libpq semantics, which have weaker security guarantees.

To prepare for this change:
- If you want the current behavior, explicitly use 'sslmode=verify-full'
- If you want libpq compatibility now, use 'uselibpqcompat=true&sslmode=require'

See https://www.postgresql.org/docs/current/libpq-ssl.html for libpq SSL mode definitions.
(Use `node --trace-warnings ...` to show where the warning was created)
Found 278 locations to geocode. Dry run: false
[1/278] b8cb734f-8c6a-45f5-90ed-5b56edca2072 -> no result
[2/278] 8fd78aaf-fe03-4a84-9f65-5739cd6a9b4d -> no result
[3/278] 4b7caef6-665e-4c72-982a-efe9b45a038b -> no result
[4/278] 74024cdc-16c5-4790-87bb-2af9c8164d12 -> no result
[5/278] 8c8fbc41-6da1-40d7-b652-4f66d23e3d1b -> no result
[6/278] 962b1b3f-8edb-451f-803f-c477ae6b2022 -> no result
[7/278] f2950f45-cfce-434b-9dba-374a3843e767 -> no result
[8/278] 9a3a5af7-b6c7-4ad4-a900-7e374eb41941 -> no result
[9/278] 5d3700b2-f0b1-4064-b883-3c11273d955b -> no result
[10/278] a317628b-7dba-4125-aa3f-8f75a21f4a6a -> no result
[11/278] a0132e3b-8bbc-450a-afa4-3a62754bebf8 -> no result
[12/278] 63ab3008-5412-47b9-8147-15eccecd7307 -> no result
[13/278] 9be764de-5dee-4c2a-b80e-1c0fa7058fbe -> no result
[14/278] c209c99c-b810-4134-a01c-b28e4afcbd01 -> no result
[15/278] 81fc884f-7b06-4a4b-8adf-4d13d8d27c7c -> no result
[16/278] ea338960-7dca-4b1b-9e0a-e5fe80101758 -> no result
[17/278] b2530dbd-06fc-4f92-8e89-86d728c5bc15 -> no result
[18/278] b27f21f7-b208-43b4-bd1c-44052f040e28 -> no result
[19/278] 8e4b87ac-78eb-414d-9c20-f3823806c009 -> no result
[20/278] f68f34e4-961a-48b9-97b5-732411bcc67a -> no result
[21/278] 903c4f70-a699-475d-b94c-a8feff0c8833 -> no result
[22/278] e8b1f2d0-a2b8-4df8-94a3-b9ee95322540 -> no result
[23/278] a282ea27-bf19-4726-b9ff-121cfcc374da -> no result
[24/278] 9c2bb19b-0171-4501-9a85-cf29d21c2e01 -> no result
[25/278] 6c044d95-f260-4316-8b17-11b053a84a27 -> no result
[26/278] 8d8b364c-8180-47bf-ba8a-21c08a92b489 -> no result
[27/278] af3ab4bc-1dbc-45af-bf79-d8f3b3127399 -> no result
[28/278] 2e3e7857-12d4-4907-a978-9bac26b3eea0 -> no result
[29/278] c04633c2-69c5-4bbe-89d2-246429d9e2e7 -> no result
[30/278] 352970f4-af47-4eda-b766-213c6aaa6ae0 -> no result
[31/278] 922dd68b-1650-430b-b15a-829d9eec0c02 -> no result
[32/278] 5c991283-0268-4c43-afe7-460b311d2c18 -> no result
[33/278] b7b47cfb-6fc3-4c6f-8601-81d508e45d59 -> no result
[34/278] 0eb0e87f-5b52-4a1a-84b4-3aa4e8a030b8 -> no result
[35/278] 6908f4a4-f4b1-46b5-9c7b-f411e6e43808 -> no result
[36/278] d1fd46db-d39b-4600-acb4-d7a964e88170 -> no result
[37/278] b2c40856-09c7-4866-a1b0-6e9066a8455b -> no result
[38/278] 3b0c181b-4449-4d43-b1fa-d17530eaefb5 -> no result
[39/278] 602ad70c-bc3f-407d-939d-144fe30b31b4 -> no result
[40/278] 0f43212f-f0ce-4cdf-92c3-ff24ce85eac7 -> no result
[41/278] 69021df4-61bd-427c-a82d-0a1bbec4c3d1 -> no result
[42/278] f5954381-839b-4bc7-af23-2065c3471581 -> no result
[43/278] eb2c29fc-2418-4de4-83aa-c35ee6801b87 -> no result
[44/278] b1a78098-fbd6-493a-b5f2-1948115eabfc -> no result
[45/278] e86bf5bc-17a1-41cf-b5f5-5dde2a91683d -> no result
[46/278] eac27b3b-dbb3-4e20-b7e7-f0538d79e2ce -> no result
[47/278] d88c4423-789a-47cc-932f-655297da89bd -> no result
[48/278] c4feea24-cc4d-4e0a-ae33-aac21e80824e -> no result
[49/278] d65a0812-0fb7-4c0b-8ad1-da56765c0559 -> no result
[50/278] d06fe892-09a0-4c47-958f-7f391476c542 -> no result
[51/278] b136ece5-372e-4628-9225-cd7110163a30 -> no result
[52/278] a2a212e8-7895-425e-a8cd-146ddd3b7d08 -> no result
[53/278] aaf58db1-394d-40ae-a92f-e94a59a378e7 -> no result
[54/278] 4db86e05-1994-4056-9a8d-3f8a943762e4 -> no result
[55/278] 8920c3e4-2767-4ccf-94aa-c40cb1876f04 -> no result
[56/278] b66a50d7-7376-4703-b126-3bab5eea22bc -> no result
[57/278] dbbe82a4-ba33-4594-a21d-56f5e6ee77b0 -> no result
[58/278] c993690b-1360-4d86-a56e-8cf2cb5e0eee -> no result
[59/278] 9571ae00-9da6-47c4-90af-57eb7751438a -> no result
[60/278] 02fa689f-927d-45ac-9724-2e6f1433e243 -> no result
[61/278] 2b7a43cb-6083-4367-bbaa-4e19fe48a544 -> no result
[62/278] e748cc56-17f3-4989-9382-a268434fec79 -> no result
[63/278] b6e47311-5e1f-48d6-a992-7071be7f132c -> no result
[64/278] db09d3eb-d5fb-4263-b294-89966f02c363 -> no result
[65/278] 621073f1-5183-42af-8c8d-f8ee976b5e7f -> no result
[66/278] 4979a797-9671-49f8-8740-a6f58ff7cd6a -> no result
[67/278] 494768c3-8120-476f-9d92-c77b69207c37 -> no result
[68/278] 8e514763-7338-4aad-9b05-fb4b4378dc91 -> no result
[69/278] e1074230-b7e1-4603-9541-dba9c1d5c3e2 -> no result
[70/278] 0eef0730-f0d4-4b31-9a09-f507d4e8de49 -> no result
[71/278] d39dcffe-8752-44ec-bec4-fa9b0e814b7f -> no result
[72/278] 93b91fb2-b20b-4ff4-ad96-267f40b538bb -> no result
[73/278] aa2279e9-2f5c-43f2-bec9-3f581b3c517b -> no result
[74/278] 89279da3-1025-4c8c-b623-27cb336050b8 -> no result
[75/278] 92122db7-b1a1-49c0-87fb-730aeeacdfef -> no result
[76/278] 7ef9e823-10ef-4c45-86d7-7fa97a3e416c -> no result
[77/278] d8ab4f4c-0c1e-45c0-aff0-0ceb346a2e60 -> no result
[78/278] d1e1c5d2-128a-49da-8fe8-71192992806c -> no result
[79/278] 8c4d5045-48dd-493f-acd2-b23565cc2799 -> no result
[80/278] 81584c01-4b6f-4b8f-ba47-b2ab210f3138 -> no result
[81/278] 4e5008a3-0f5b-4f63-bd3e-d1d96dcd6f97 -> no result
[82/278] 9fc5ef27-4fe4-4d4f-b525-01ac00e7803b -> no result
[83/278] 409dad13-3aba-4b18-b760-31330cff511e -> no result
[84/278] aa5139c1-2735-4c99-a66e-f7c1f248fc60 -> no result
[85/278] d3dc9662-1396-47b1-98cd-58213a1eebf1 -> no result
[86/278] 11ca9970-3b88-4fd6-b775-ead8e30f47b9 -> no result
[87/278] ce31b4a3-0ac7-4d15-84d8-cdb30fccce18 -> no result
[88/278] dea872c5-fd57-4f29-b153-e892ffab33c4 -> no result
[89/278] 84cc0663-044a-4fce-b39b-a64bc40700d0 -> no result
[90/278] 8913b5e6-c2bc-483e-9a82-540fdcc76ecd -> no result
[91/278] 21c2e8f7-1edc-4edc-b66a-00ae8f55b439 -> no result
[92/278] 281f8db0-21dc-4810-8ac4-d4f6509ebbfb -> no result
[93/278] dccbb78f-9f71-4a20-9ee3-726d1b644e10 -> no result
[94/278] 106dbfd4-e7cd-4369-9688-33892ae8ee96 -> no result
[95/278] 5990a068-c98e-4a87-8863-5963873e91ba -> no result
[96/278] 1badd667-aff9-4f34-9ed5-b96f04617729 -> no result
[97/278] 4b9ba972-32b5-4f04-996c-7f826941a129 -> no result
[98/278] c7408ac3-50cb-48ec-be05-97e282db22ee -> no result
[99/278] d0792a95-9f29-40f2-b5f6-85ecd6cc9840 -> no result
[100/278] d85afddc-29d7-4a69-a5b5-544cde4acf76 -> no result
[101/278] 57be7a8b-c49d-453a-84fa-4b34559138c4 -> no result
[102/278] 30217fe3-6f3f-4d7e-8f59-4a349b1b5fb5 -> no result
[103/278] 2014a6de-091f-4492-90dd-511c5995e9dc -> no result
[104/278] de820f96-6113-4d01-83d7-5d001ec332e7 -> no result
[105/278] 82ab8383-2f4c-4895-8efc-aaa36bff12f8 -> no result
[106/278] bb7d7193-50d4-43f0-a7bf-8309cdf595d8 -> no result
[107/278] d938af45-58e1-4021-b0e7-b96261f7d0d4 -> no result
[108/278] f1432b5c-3421-446f-a39e-6f1a7683316f -> no result
[109/278] 1c1ae245-139d-4525-936d-fbe072f6a3f0 -> no result
[110/278] a443066f-47b0-49fe-8801-4811e6e6b17a -> no result
[111/278] eb36703b-8c8f-4254-a3dd-7b7088718217 -> no result
[112/278] 06dc3e2f-a78a-4419-aee7-d767f7305370 -> no result
[113/278] 60c606c8-dfa7-4e08-83c8-65e40aa65469 -> no result
[114/278] d7acb049-5f9a-434a-9dac-a3cb092c8e81 -> no result
[115/278] 7d67c031-af79-4f88-8a82-7a087f69da20 -> no result
[116/278] 550c776e-607f-4f2b-848f-00eb8e450f28 -> no result
[117/278] 5bcb01f5-0531-46df-a7f8-41bc67fd89f6 -> no result
[118/278] 6506ac1a-257f-47c8-84ca-de5031320b0c -> no result
[119/278] cc9b539d-d018-44a4-b20c-2b6567e37ee2 -> no result
[120/278] 67a781c2-2c8d-4243-8e9f-7af8fb6babb8 -> no result
[121/278] fb922dac-d15d-412f-b86d-5636e44bc7d8 -> no result
[122/278] 852df0fb-f2ea-44ee-8f14-02576e3c5c1c -> no result
[123/278] 4811a86b-c60a-426d-bfb1-0d74adfbee03 -> no result
[124/278] 04a7ce51-4849-4d70-a2fb-db544fbca0db -> no result
[125/278] f97d934a-8355-4d40-9325-b0efcd94a091 -> no result
[126/278] 04489729-0ae7-4701-a851-b4d9e1ece334 -> no result
[127/278] 03b67d54-f77b-48ea-ace0-ac02dcbb9bb5 -> no result
[128/278] 5fe3f894-1ea3-47d5-b0eb-efd2e48942bd -> no result
[129/278] 528a06e7-b8f4-49dd-9146-f3493bc0c20e -> no result
[130/278] 2ec4f6ca-b79e-4262-9a94-5f035d85831c -> no result
[131/278] d4546399-7843-449a-99eb-34a1d6eb4609 -> no result
[132/278] 2456773c-a41c-4ded-8797-7f61583df442 -> no result
[133/278] 7367c52b-ea94-40ff-a79f-108d875c0852 -> no result
[134/278] d61fd1ff-5678-422d-8038-35523d217be4 -> no result
[135/278] e37f9d24-009a-491a-8355-1d375d3ed2fe -> no result
[136/278] 34b23eb3-a32a-46f7-81db-b42e082df078 -> no result
[137/278] 859e7cd1-7768-4b82-a232-96c5c363f151 -> no result
[138/278] 3cdb6eff-2ca3-411f-8faa-1ce7f2313cdb -> no result
[139/278] 74e309be-bb3e-40f1-b6e3-868e27f34b34 -> no result
[140/278] f34f72fa-8b32-4510-9d14-d66825822d4f -> no result
[141/278] b752f39a-368b-4342-a985-07bc488e4ff9 -> no result
[142/278] 8b29bf1e-40f4-495b-9f1b-f88767178c85 -> no result
[143/278] 46502565-07c1-4d2f-8557-5739b470bfb0 -> no result
[144/278] be0aed04-4a48-4571-a318-d393d630ea21 -> no result
[145/278] af28a5cb-1502-4480-9548-10e59ff56c01 -> no result
[146/278] 0e1e2d8e-ab7d-41fb-8a72-47bbed323604 -> no result
[147/278] f9664e04-f66b-4d53-addf-96db061c2a79 -> no result
[148/278] bba599a8-1140-4994-873a-acca4fa61958 -> no result
[149/278] 71eb0d58-8ce0-49e3-ae89-27a6422f4180 -> no result
[150/278] 47e80a25-0cbe-44d5-9415-edc5fccf4902 -> no result
[151/278] c3c13bca-7f12-41e2-a239-a43898b7842a -> no result
[152/278] 58bb778b-3875-4a01-98c6-3843b6b7289b -> no result
[153/278] 24da5868-cda3-47ed-b3c9-1f944c7e2489 -> no result
[154/278] 1054538c-9410-4234-a025-61b058621ae7 -> no result
[155/278] 8b8f519c-911c-442a-a715-809bb59fbdf2 -> no result
[156/278] 092b1ae0-723e-48c8-964d-ee000f3284fa -> no result
[157/278] a8cb7ef5-1c53-4a37-b80c-f0f45cb359b5 -> no result
[158/278] 598f54c5-00b1-4614-a593-a222e08e81e9 -> no result
[159/278] 6b9239a7-219a-4a14-af07-a3235488c702 -> no result
[160/278] baeeafd5-1a20-48bd-b0b4-8df30b1a8ef5 -> no result
[161/278] 093976a6-d8ff-47f8-bb9e-2363592d1f53 -> no result
[162/278] 252d694d-3430-4dda-97ba-ddd5459a4f82 -> no result
[163/278] 997b0d32-8127-4a8d-88ad-dd01ffb3b952 -> no result
[164/278] 659ab772-4681-404e-b3c6-73273f8f2d9a -> no result
[165/278] d9a69444-daaa-4f73-81f1-c0ebae9afd74 -> no result
[166/278] 25ba737e-5d12-4282-850a-9336dbb9e19c -> no result
[167/278] 9dbe4baf-8869-4352-9124-82d9e7ef47eb -> no result
[168/278] 91b0c656-86ce-403f-9c3c-e74e1b36b37f -> no result
[169/278] 9afe3f28-6ad0-487c-aded-0ff070434e70 -> no result
[170/278] 057e7bee-dcc4-45d9-9ac6-a9f2dd00835f -> no result
[171/278] f9e8e4ea-3938-4813-abbb-fe135355f513 -> no result
[172/278] 15c1b03a-8655-4194-8bc8-4d3b67ebcd77 -> no result
[173/278] b273f974-bb04-4806-83aa-0444b93c806d -> no result
[174/278] c72ab894-31d6-41d8-ba22-6316065752f6 -> no result
[175/278] 7bc40292-e6cc-4e32-afc7-a28af0609261 -> no result
[176/278] 42b2cb5d-2f2b-4ee4-bfa3-fe6eaa773255 -> no result
[177/278] c228cf93-78b6-4a74-a028-d99abb5782b8 -> no result
[178/278] dd9e0a1a-7306-42af-bae2-52e780c74039 -> no result
[179/278] 3e3b4c56-4d6e-4444-aa54-e025036a96a3 -> no result
[180/278] 6419c655-e6a0-4483-b703-8553fa599eac -> no result
[181/278] 2a0d9fd2-c0e3-4e72-8eee-95ca61bafd7f -> no result
[182/278] 6a92c074-a053-4c8a-89b1-b675415121e3 -> no result
[183/278] 526ff653-6be9-4e76-a25c-d2af9b72eeb3 -> no result
[184/278] fd094ea4-c784-408d-8b61-8b769cf7266c -> no result
[185/278] cc070c20-233c-4d84-9222-b58d7e85f0fb -> 41.413435, -81.7689204
[186/278] dc21d6db-bf38-4ca9-a52f-26bca0c35bf0 -> no result
[187/278] 248ffa04-92b4-44c6-a4a4-2b7b2170b8ef -> no result
[188/278] de1fa6dc-3aa1-4670-9432-0216c3fdd7ee -> 41.7218384, -83.5496218
[189/278] fd4622ec-7924-48a7-b3b8-541917d18951 -> 40.7790554, -81.3951331
[190/278] 8e8d3c81-d343-4859-8d0f-eb98dad8bfbf -> 41.6750844, -83.4775044
[191/278] 4a7c3251-272e-4d2b-865f-b5c8e007821d -> 41.9285552, -86.5643548
[192/278] e49ce399-ea56-400e-b320-a805eb26046f -> 42.8486732, -82.4971429
[193/278] 5071dc86-a12a-4afb-ad4c-a97ce4f67b72 -> 42.6725684, -83.2432959
[194/278] e6e0133c-7d6f-48e6-a2a9-38c7582c5956 -> 40.3630115, -83.7833634
[195/278] 8306eaaf-d3ee-4287-91e2-2f1371d5fb09 -> 25.8017288, -80.3366252
[196/278] 5b0f7fb8-d5d0-4a48-868f-1d90d2bc6a4b -> 32.9634533, -80.1076729
[197/278] 6ccfa0f7-9593-41e5-be88-3b494a3470a9 -> 39.1202156, -86.5313316
[198/278] e73c945a-5e94-4cd6-a895-c80066aca0fc -> 39.6445647, -85.1333495
[199/278] 0881c6a4-0c67-4779-abfa-45f581da445e -> no result
[200/278] cde2def6-d890-40b3-90f2-b5fa1ffdeb52 -> 40.3412116, -85.6445617
[201/278] c9a09506-ced3-483a-870d-0029f5dfcd7b -> 40.279173, -83.5101325
[202/278] a7893623-3723-410f-b94e-2cf252dbd488 -> no result
[203/278] 2c9e43df-d523-48e3-a711-af87f9d03dde -> no result
[204/278] 7faaa3da-8e22-4c12-ae11-e67ffeb3d714 -> no result
[205/278] 8b00c758-e8f4-4602-a6c5-659fd1ddedf1 -> no result
[206/278] 4bac2c06-a5f7-49a5-a34a-2919978261fd -> no result
[207/278] 085bbf9a-e7cc-4b87-9f45-69ec3d59cc61 -> 39.9304565, -82.8823905
[208/278] f4abd083-334b-4994-b3b1-1a152c765333 -> no result
[209/278] 7997ccac-3f9c-45a9-bc42-e674dc23c942 -> 41.4638875, -81.66669
[210/278] 730197e3-a000-461f-89bb-0b64ee56c39e -> no result
[211/278] de3f9134-bce3-45e3-92aa-c755368677b0 -> no result
[212/278] a22e7554-0b9b-4b6d-9850-74578363b862 -> no result
[213/278] 395570a6-2bf1-4022-b0af-21ec1f54cca5 -> 38.703076, -85.7990342
[214/278] 6d1e3b5b-24a3-41b7-9540-905ec89ff6bc -> 36.802493, -87.3895599
[215/278] 9f3f1b80-d3e3-4680-968a-cecf9ff1bd20 -> 39.9622857, -83.7664591
[216/278] feae94b2-4280-424a-8ef6-2e80b1a9cb01 -> no result
[217/278] f4aa2a6d-0c14-4beb-a9b4-0ed4a17b0ef0 -> 39.9947398, -83.1378363
[218/278] c9356456-bf72-411b-b758-a01d679c8117 -> 40.6117706, -83.1409024
[219/278] aa7bc730-0282-49c3-b28e-73a33ef4b848 -> 41.4094603, -82.2804092
[220/278] 80e7aeb5-4fd3-4e0f-8368-b382c45a6800 -> 40.838796, -81.910174
[221/278] 18f7802d-45d9-4bea-a38a-0e976c861b38 -> no result
[222/278] 051a60a6-66bb-4ac4-acd0-c610c3076ccc -> 41.3196256, -81.7644872
[223/278] 4aba3844-ce8b-430b-a282-dd7141af5f5c -> no result
[224/278] c56f64f0-ab58-4650-9204-c5b5b981512c -> no result
[225/278] 3b5ca6c2-6e7b-455d-bab2-a5e0c8119478 -> 39.09883, -84.529256
[226/278] f931466a-917a-4015-95e2-21d61b6d6faa -> no result
[227/278] 22920c76-3ad4-4aa7-8c4e-255d203c7c32 -> 43.4343937, -83.9385997
[228/278] 62512f02-eb1c-4d66-bbc7-5c4a2dfb51cf -> 42.3730738, -82.9665473
[229/278] cd729264-aa10-4281-880d-807ee454e44f -> 42.910057, -85.5958633
[230/278] f71f5280-34cc-4e75-a795-4a0f46c957f4 -> no result
[231/278] a55b362f-c1f0-4122-a581-cfe7568c7487 -> 37.8617666, -84.5769092
[232/278] 81b26284-192c-4210-b3cb-03147a29e4f0 -> no result
[233/278] 6461fc2c-583e-48f0-b464-5cb6831b309a -> no result
[234/278] bcc4b13c-cd0b-4f3f-bb9c-2a6682ed5389 -> 40.7633216, -82.5060305
[235/278] fbc63f02-6e95-43e4-9aca-197089c6df4f -> 39.9026756, -82.9387044
[236/278] 9dd926fc-de05-4b15-9fe1-a08ba5482801 -> no result
[237/278] abc042e1-6b4c-43b4-9292-e118ef019b82 -> no result
[238/278] d76950fc-a12f-46f6-8be4-017c897537d6 -> no result
[239/278] 99a0f6b2-5da3-46a5-b701-1ba4d0d2b32f -> 42.1744173, -83.3909311
[240/278] 853fc30f-9632-42cb-8a59-ebeba632a8b6 -> no result
[241/278] 5401c614-a983-4cf6-9ad8-82df142622a0 -> no result
[242/278] 286a2f70-d665-4981-8a0f-1c11ab430a17 -> 41.4866464, -82.0641657
[243/278] 4a620f46-d7de-45a3-9164-b8b519e88fbc -> 41.2288106, -82.121372
[244/278] d7b261d5-26ed-4bdf-8fd4-018ecd15269d -> 40.09373, -82.816256
[245/278] 3a7d55fb-ec65-40cf-8d4d-d426788e0fcb -> 41.0347652, -82.023868
[246/278] 6bc6d56c-1fc6-44af-b8d4-f119632cf1e6 -> 39.5007405, -84.3921751
[247/278] a36793e7-1363-4c27-b988-65bd64fa9964 -> 39.7933979, -84.1719596
[248/278] d0bba35b-9209-4369-81ce-75f787de0c53 -> 42.536297, -83.0869018
[249/278] 3712e974-802c-479b-8dbb-c02464a15b5b -> 42.45796, -83.044378
[250/278] 26598a1d-a91a-4a35-9d88-e8987749e9e1 -> 41.0377653, -81.8803576
[251/278] 625ef947-b070-441e-9d9f-5a85b303d862 -> 34.6717389, -82.1919302
[252/278] cc1cdce1-ebd5-40c7-9407-0af97161ab47 -> 37.8394321, -85.4776041
[253/278] a65a8bbd-859c-4102-abdb-43bdf0f64b50 -> no result
[254/278] a44d71d6-6377-4886-8325-f024deaafb50 -> 34.9531403, -89.7944812
[255/278] 384daded-d88a-4b15-88b5-1ca6a4184d55 -> 37.3155117, -88.0890357
[256/278] fa794607-9eb1-4f20-b71e-c8958d9e599d -> 40.9607123, -85.3009706
[257/278] d5d6b8d3-a0b7-47ed-b004-327e0684d600 -> no result
[258/278] 1e3cd10c-8c28-4076-a581-b10d00662bc6 -> 39.6535826, -85.1388339
[259/278] b9db1742-afa2-4c52-8caf-4603f927e855 -> 41.691185, -83.526885
[260/278] 5aea4a15-407f-49bc-840c-10e7bf66ad2b -> 42.2260186, -84.3661829
[261/278] 072c8e0f-2806-4010-a10e-8f270df11267 -> 40.2213044, -83.3333366
[262/278] 040ff02c-c613-4c18-be4f-40d6eba74672 -> 35.0809114, -85.1536994
[263/278] 55fd00c1-b70a-4766-9322-a449517b1ee4 -> no result
[264/278] e6156500-2ed5-42a8-85a9-567563ff5c58 -> 34.6921749, -82.2430913
[265/278] b9c85a1d-c9a5-446a-8514-f72f7a75c6b9 -> 40.2429608, -82.86432
[266/278] 383cc167-4d3c-467f-a4e1-60f7472b9ed2 -> 33.577621, -80.817957
[267/278] ae36f835-d312-44d5-b703-262be29a25ec -> 42.8317094, -86.1033645
[268/278] a25261dd-9f81-4503-b8b8-3a33558aebbe -> no result
[269/278] 4a4e6829-25bd-4a83-bbb7-86c317ce5f8f -> no result
[270/278] fc741fe2-5d6e-4e65-95e4-71594e3492ee -> no result
[271/278] 35b53772-f16b-41c1-b1c4-64abd9cdbc90 -> no result
[272/278] e6e5cc29-4b59-4e60-9284-0382bc340d24 -> 40.5956391, -74.6838805
[273/278] 822c5d98-0673-4dbd-bf6b-3b82349a8d8d -> 35.05889, -85.27849
[274/278] 173f99d9-f03c-402a-9c00-3d3cdaa54780 -> 39.3687393, -85.5419195
[275/278] 2755e592-6cfe-4c43-90a2-120ee6524f97 -> 41.080475, -83.6190236
[276/278] e681ca89-a183-4360-b077-23a81909844a -> no result
[277/278] f7f82cdb-2005-4747-bca2-7a1f8c3714bc -> 35.0756526, -85.1569105
[278/278] f93c2a44-6881-48c1-be2c-ea206f894ec6 -> no result
Done. Geocoded: 60, failed: 218

--- Geocoded: 440 / 658 (target 658) ---

[dotenv@17.2.3] injecting env (0) from .env.vercel -- tip: âœ… audit secrets and track compliance: https://dotenvx.com/ops
[dotenv@17.2.3] injecting env (0) from .env.local -- tip: âš™ï¸  write to custom object with { processEnv: myObject }
[dotenv@17.2.3] injecting env (0) from .env -- tip: ðŸ“¡ add observability to secrets: https://dotenvx.com/ops
(node:41183) Warning: SECURITY WARNING: The SSL modes 'prefer', 'require', and 'verify-ca' are treated as aliases for 'verify-full'.
In the next major version (pg-connection-string v3.0.0 and pg v9.0.0), these modes will adopt standard libpq semantics, which have weaker security guarantees.

To prepare for this change:
- If you want the current behavior, explicitly use 'sslmode=verify-full'
- If you want libpq compatibility now, use 'uselibpqcompat=true&sslmode=require'

See https://www.postgresql.org/docs/current/libpq-ssl.html for libpq SSL mode definitions.
(Use `node --trace-warnings ...` to show where the warning was created)
Found 218 locations to geocode. Dry run: false
[1/218] b8cb734f-8c6a-45f5-90ed-5b56edca2072 -> no result
[2/218] 8fd78aaf-fe03-4a84-9f65-5739cd6a9b4d -> no result
[3/218] 4b7caef6-665e-4c72-982a-efe9b45a038b -> no result
[4/218] 74024cdc-16c5-4790-87bb-2af9c8164d12 -> no result
[5/218] 8c8fbc41-6da1-40d7-b652-4f66d23e3d1b -> no result
[6/218] 962b1b3f-8edb-451f-803f-c477ae6b2022 -> no result
[7/218] f2950f45-cfce-434b-9dba-374a3843e767 -> no result
[8/218] 9a3a5af7-b6c7-4ad4-a900-7e374eb41941 -> no result
[9/218] 5d3700b2-f0b1-4064-b883-3c11273d955b -> no result
[10/218] a317628b-7dba-4125-aa3f-8f75a21f4a6a -> no result
[11/218] a0132e3b-8bbc-450a-afa4-3a62754bebf8 -> no result
[12/218] 63ab3008-5412-47b9-8147-15eccecd7307 -> no result
[13/218] 9be764de-5dee-4c2a-b80e-1c0fa7058fbe -> no result
[14/218] c209c99c-b810-4134-a01c-b28e4afcbd01 -> no result
[15/218] 81fc884f-7b06-4a4b-8adf-4d13d8d27c7c -> no result
[16/218] ea338960-7dca-4b1b-9e0a-e5fe80101758 -> no result
[17/218] b2530dbd-06fc-4f92-8e89-86d728c5bc15 -> no result
[18/218] b27f21f7-b208-43b4-bd1c-44052f040e28 -> no result
[19/218] 8e4b87ac-78eb-414d-9c20-f3823806c009 -> no result
[20/218] f68f34e4-961a-48b9-97b5-732411bcc67a -> no result
[21/218] 903c4f70-a699-475d-b94c-a8feff0c8833 -> no result
[22/218] e8b1f2d0-a2b8-4df8-94a3-b9ee95322540 -> no result
[23/218] a282ea27-bf19-4726-b9ff-121cfcc374da -> no result
[24/218] 9c2bb19b-0171-4501-9a85-cf29d21c2e01 -> no result
[25/218] 6c044d95-f260-4316-8b17-11b053a84a27 -> no result
[26/218] 8d8b364c-8180-47bf-ba8a-21c08a92b489 -> no result
[27/218] af3ab4bc-1dbc-45af-bf79-d8f3b3127399 -> no result
[28/218] 2e3e7857-12d4-4907-a978-9bac26b3eea0 -> no result
[29/218] c04633c2-69c5-4bbe-89d2-246429d9e2e7 -> no result
[30/218] 352970f4-af47-4eda-b766-213c6aaa6ae0 -> no result
[31/218] 922dd68b-1650-430b-b15a-829d9eec0c02 -> no result
[32/218] 5c991283-0268-4c43-afe7-460b311d2c18 -> no result
[33/218] b7b47cfb-6fc3-4c6f-8601-81d508e45d59 -> no result
[34/218] 0eb0e87f-5b52-4a1a-84b4-3aa4e8a030b8 -> no result
[35/218] 6908f4a4-f4b1-46b5-9c7b-f411e6e43808 -> no result
[36/218] d1fd46db-d39b-4600-acb4-d7a964e88170 -> no result
[37/218] b2c40856-09c7-4866-a1b0-6e9066a8455b -> no result
[38/218] 3b0c181b-4449-4d43-b1fa-d17530eaefb5 -> no result
[39/218] 602ad70c-bc3f-407d-939d-144fe30b31b4 -> no result
[40/218] 0f43212f-f0ce-4cdf-92c3-ff24ce85eac7 -> no result
[41/218] 69021df4-61bd-427c-a82d-0a1bbec4c3d1 -> no result
[42/218] f5954381-839b-4bc7-af23-2065c3471581 -> no result
[43/218] eb2c29fc-2418-4de4-83aa-c35ee6801b87 -> no result
[44/218] b1a78098-fbd6-493a-b5f2-1948115eabfc -> no result
[45/218] e86bf5bc-17a1-41cf-b5f5-5dde2a91683d -> no result
[46/218] eac27b3b-dbb3-4e20-b7e7-f0538d79e2ce -> no result
[47/218] d88c4423-789a-47cc-932f-655297da89bd -> no result
[48/218] c4feea24-cc4d-4e0a-ae33-aac21e80824e -> no result
[49/218] d65a0812-0fb7-4c0b-8ad1-da56765c0559 -> no result
[50/218] d06fe892-09a0-4c47-958f-7f391476c542 -> no result
[51/218] b136ece5-372e-4628-9225-cd7110163a30 -> no result
[52/218] a2a212e8-7895-425e-a8cd-146ddd3b7d08 -> no result
[53/218] aaf58db1-394d-40ae-a92f-e94a59a378e7 -> no result
[54/218] 4db86e05-1994-4056-9a8d-3f8a943762e4 -> no result
[55/218] 8920c3e4-2767-4ccf-94aa-c40cb1876f04 -> no result
[56/218] b66a50d7-7376-4703-b126-3bab5eea22bc -> no result
[57/218] dbbe82a4-ba33-4594-a21d-56f5e6ee77b0 -> no result
[58/218] c993690b-1360-4d86-a56e-8cf2cb5e0eee -> no result
[59/218] 9571ae00-9da6-47c4-90af-57eb7751438a -> no result
[60/218] 02fa689f-927d-45ac-9724-2e6f1433e243 -> no result
[61/218] 2b7a43cb-6083-4367-bbaa-4e19fe48a544 -> no result
[62/218] e748cc56-17f3-4989-9382-a268434fec79 -> no result
[63/218] b6e47311-5e1f-48d6-a992-7071be7f132c -> no result
[64/218] db09d3eb-d5fb-4263-b294-89966f02c363 -> no result
[65/218] 621073f1-5183-42af-8c8d-f8ee976b5e7f -> no result
[66/218] 4979a797-9671-49f8-8740-a6f58ff7cd6a -> no result
[67/218] 494768c3-8120-476f-9d92-c77b69207c37 -> no result
[68/218] 8e514763-7338-4aad-9b05-fb4b4378dc91 -> no result
[69/218] e1074230-b7e1-4603-9541-dba9c1d5c3e2 -> no result
[70/218] 0eef0730-f0d4-4b31-9a09-f507d4e8de49 -> no result
[71/218] d39dcffe-8752-44ec-bec4-fa9b0e814b7f -> no result
[72/218] 93b91fb2-b20b-4ff4-ad96-267f40b538bb -> no result
[73/218] aa2279e9-2f5c-43f2-bec9-3f581b3c517b -> no result
[74/218] 89279da3-1025-4c8c-b623-27cb336050b8 -> no result
[75/218] 92122db7-b1a1-49c0-87fb-730aeeacdfef -> no result
[76/218] 7ef9e823-10ef-4c45-86d7-7fa97a3e416c -> no result
[77/218] d8ab4f4c-0c1e-45c0-aff0-0ceb346a2e60 -> no result
[78/218] d1e1c5d2-128a-49da-8fe8-71192992806c -> no result
[79/218] 8c4d5045-48dd-493f-acd2-b23565cc2799 -> no result
[80/218] 81584c01-4b6f-4b8f-ba47-b2ab210f3138 -> no result
[81/218] 4e5008a3-0f5b-4f63-bd3e-d1d96dcd6f97 -> no result
[82/218] 9fc5ef27-4fe4-4d4f-b525-01ac00e7803b -> no result
[83/218] 409dad13-3aba-4b18-b760-31330cff511e -> no result
[84/218] aa5139c1-2735-4c99-a66e-f7c1f248fc60 -> no result
[85/218] d3dc9662-1396-47b1-98cd-58213a1eebf1 -> no result
[86/218] 11ca9970-3b88-4fd6-b775-ead8e30f47b9 -> no result
[87/218] ce31b4a3-0ac7-4d15-84d8-cdb30fccce18 -> no result
[88/218] dea872c5-fd57-4f29-b153-e892ffab33c4 -> no result
[89/218] 84cc0663-044a-4fce-b39b-a64bc40700d0 -> no result
[90/218] 8913b5e6-c2bc-483e-9a82-540fdcc76ecd -> no result
[91/218] 21c2e8f7-1edc-4edc-b66a-00ae8f55b439 -> no result
[92/218] 281f8db0-21dc-4810-8ac4-d4f6509ebbfb -> no result
[93/218] dccbb78f-9f71-4a20-9ee3-726d1b644e10 -> no result
[94/218] 106dbfd4-e7cd-4369-9688-33892ae8ee96 -> no result
[95/218] 5990a068-c98e-4a87-8863-5963873e91ba -> no result
[96/218] 1badd667-aff9-4f34-9ed5-b96f04617729 -> no result
[97/218] 4b9ba972-32b5-4f04-996c-7f826941a129 -> no result
[98/218] c7408ac3-50cb-48ec-be05-97e282db22ee -> no result
[99/218] d0792a95-9f29-40f2-b5f6-85ecd6cc9840 -> no result
[100/218] d85afddc-29d7-4a69-a5b5-544cde4acf76 -> no result
[101/218] 57be7a8b-c49d-453a-84fa-4b34559138c4 -> no result
[102/218] 30217fe3-6f3f-4d7e-8f59-4a349b1b5fb5 -> no result
[103/218] 2014a6de-091f-4492-90dd-511c5995e9dc -> no result
[104/218] de820f96-6113-4d01-83d7-5d001ec332e7 -> no result
[105/218] 82ab8383-2f4c-4895-8efc-aaa36bff12f8 -> no result
[106/218] bb7d7193-50d4-43f0-a7bf-8309cdf595d8 -> no result
[107/218] d938af45-58e1-4021-b0e7-b96261f7d0d4 -> no result
[108/218] f1432b5c-3421-446f-a39e-6f1a7683316f -> no result
[109/218] 1c1ae245-139d-4525-936d-fbe072f6a3f0 -> no result
[110/218] a443066f-47b0-49fe-8801-4811e6e6b17a -> no result
[111/218] eb36703b-8c8f-4254-a3dd-7b7088718217 -> no result
[112/218] 06dc3e2f-a78a-4419-aee7-d767f7305370 -> no result
[113/218] 60c606c8-dfa7-4e08-83c8-65e40aa65469 -> no result
[114/218] d7acb049-5f9a-434a-9dac-a3cb092c8e81 -> no result
[115/218] 7d67c031-af79-4f88-8a82-7a087f69da20 -> no result
[116/218] 550c776e-607f-4f2b-848f-00eb8e450f28 -> no result
[117/218] 5bcb01f5-0531-46df-a7f8-41bc67fd89f6 -> no result
[118/218] 6506ac1a-257f-47c8-84ca-de5031320b0c -> no result
[119/218] cc9b539d-d018-44a4-b20c-2b6567e37ee2 -> no result
[120/218] 67a781c2-2c8d-4243-8e9f-7af8fb6babb8 -> no result
[121/218] fb922dac-d15d-412f-b86d-5636e44bc7d8 -> no result
[122/218] 852df0fb-f2ea-44ee-8f14-02576e3c5c1c -> no result
[123/218] 4811a86b-c60a-426d-bfb1-0d74adfbee03 -> no result
[124/218] 04a7ce51-4849-4d70-a2fb-db544fbca0db -> no result
[125/218] f97d934a-8355-4d40-9325-b0efcd94a091 -> no result
[126/218] 04489729-0ae7-4701-a851-b4d9e1ece334 -> no result
[127/218] 03b67d54-f77b-48ea-ace0-ac02dcbb9bb5 -> no result
[128/218] 5fe3f894-1ea3-47d5-b0eb-efd2e48942bd -> no result
[129/218] 528a06e7-b8f4-49dd-9146-f3493bc0c20e -> no result
[130/218] 2ec4f6ca-b79e-4262-9a94-5f035d85831c -> no result
[131/218] d4546399-7843-449a-99eb-34a1d6eb4609 -> no result
[132/218] 2456773c-a41c-4ded-8797-7f61583df442 -> no result
[133/218] 7367c52b-ea94-40ff-a79f-108d875c0852 -> no result
[134/218] d61fd1ff-5678-422d-8038-35523d217be4 -> no result
[135/218] e37f9d24-009a-491a-8355-1d375d3ed2fe -> no result
[136/218] 34b23eb3-a32a-46f7-81db-b42e082df078 -> no result
[137/218] 859e7cd1-7768-4b82-a232-96c5c363f151 -> no result
node:events:486
      throw er; // Unhandled 'error' event
      ^

Error: Connection terminated unexpectedly
    at Connection.<anonymous> (/Users/kylemillard/daysweeper/node_modules/pg/lib/client.js:177:73)
    at Object.onceWrapper (node:events:622:28)
    at Connection.emit (node:events:508:28)
    at Socket.<anonymous> (/Users/kylemillard/daysweeper/node_modules/pg/lib/connection.js:61:12)
    at Socket.emit (node:events:520:35)
    at TCP.<anonymous> (node:net:346:12)
Emitted 'error' event on Client instance at:
    at Client._handleErrorEvent (/Users/kylemillard/daysweeper/node_modules/pg/lib/client.js:390:10)
    at Connection.<anonymous> (/Users/kylemillard/daysweeper/node_modules/pg/lib/client.js:195:16)
    at Object.onceWrapper (node:events:622:28)
    at Connection.emit (node:events:508:28)
    at Socket.<anonymous> (/Users/kylemillard/daysweeper/node_modules/pg/lib/connection.js:61:12)
    at Socket.emit (node:events:520:35)
    at TCP.<anonymous> (node:net:346:12)

Node.js v24.11.1
Error: exit 1
    at ChildProcess.<anonymous> (file:///Users/kylemillard/daysweeper/scripts/geocode-until-done.mjs:30:66)
    at ChildProcess.emit (node:events:508:28)
    at maybeClose (node:internal/child_process:1101:16)
    at ChildProcess._handle.onexit (node:internal/child_process:305:5)
