[dotenv@17.2.3] injecting env (46) from .env.vercel -- tip: ðŸ“¡ add observability to secrets: https://dotenvx.com/ops
[dotenv@17.2.3] injecting env (0) from .env.local -- tip: ðŸ‘¥ sync secrets across teammates & machines: https://dotenvx.com/ops
[dotenv@17.2.3] injecting env (0) from .env -- tip: âš™ï¸  suppress all logs with { quiet: true }
(node:21908) Warning: SECURITY WARNING: The SSL modes 'prefer', 'require', and 'verify-ca' are treated as aliases for 'verify-full'.
In the next major version (pg-connection-string v3.0.0 and pg v9.0.0), these modes will adopt standard libpq semantics, which have weaker security guarantees.

To prepare for this change:
- If you want the current behavior, explicitly use 'sslmode=verify-full'
- If you want libpq compatibility now, use 'uselibpqcompat=true&sslmode=require'

See https://www.postgresql.org/docs/current/libpq-ssl.html for libpq SSL mode definitions.
(Use `node --trace-warnings ...` to show where the warning was created)
Found 387 locations to geocode. Dry run: false
[1/387] b8cb734f-8c6a-45f5-90ed-5b56edca2072 -> no result
[2/387] 8fd78aaf-fe03-4a84-9f65-5739cd6a9b4d -> no result
[3/387] 4b7caef6-665e-4c72-982a-efe9b45a038b -> no result
[4/387] 74024cdc-16c5-4790-87bb-2af9c8164d12 -> no result
[5/387] 8c8fbc41-6da1-40d7-b652-4f66d23e3d1b -> no result
[6/387] 962b1b3f-8edb-451f-803f-c477ae6b2022 -> no result
[7/387] f2950f45-cfce-434b-9dba-374a3843e767 -> no result
[8/387] 9a3a5af7-b6c7-4ad4-a900-7e374eb41941 -> no result
[9/387] 5d3700b2-f0b1-4064-b883-3c11273d955b -> no result
[10/387] a317628b-7dba-4125-aa3f-8f75a21f4a6a -> no result
[11/387] a0132e3b-8bbc-450a-afa4-3a62754bebf8 -> no result
[12/387] 63ab3008-5412-47b9-8147-15eccecd7307 -> no result
[13/387] 9be764de-5dee-4c2a-b80e-1c0fa7058fbe -> no result
[14/387] c209c99c-b810-4134-a01c-b28e4afcbd01 -> no result
[15/387] 81fc884f-7b06-4a4b-8adf-4d13d8d27c7c -> no result
[16/387] ea338960-7dca-4b1b-9e0a-e5fe80101758 -> no result
[17/387] b2530dbd-06fc-4f92-8e89-86d728c5bc15 -> no result
[18/387] b27f21f7-b208-43b4-bd1c-44052f040e28 -> no result
[19/387] 8e4b87ac-78eb-414d-9c20-f3823806c009 -> no result
[20/387] f68f34e4-961a-48b9-97b5-732411bcc67a -> no result
[21/387] 903c4f70-a699-475d-b94c-a8feff0c8833 -> no result
[22/387] e8b1f2d0-a2b8-4df8-94a3-b9ee95322540 -> no result
[23/387] a282ea27-bf19-4726-b9ff-121cfcc374da -> no result
[24/387] 9c2bb19b-0171-4501-9a85-cf29d21c2e01 -> no result
[25/387] 6c044d95-f260-4316-8b17-11b053a84a27 -> no result
[26/387] 8d8b364c-8180-47bf-ba8a-21c08a92b489 -> no result
[27/387] af3ab4bc-1dbc-45af-bf79-d8f3b3127399 -> no result
[28/387] 2e3e7857-12d4-4907-a978-9bac26b3eea0 -> no result
[29/387] c04633c2-69c5-4bbe-89d2-246429d9e2e7 -> no result
[30/387] 352970f4-af47-4eda-b766-213c6aaa6ae0 -> no result
[31/387] 922dd68b-1650-430b-b15a-829d9eec0c02 -> no result
[32/387] 5c991283-0268-4c43-afe7-460b311d2c18 -> no result
[33/387] b7b47cfb-6fc3-4c6f-8601-81d508e45d59 -> no result
[34/387] 0eb0e87f-5b52-4a1a-84b4-3aa4e8a030b8 -> no result
[35/387] 6908f4a4-f4b1-46b5-9c7b-f411e6e43808 -> no result
[36/387] d1fd46db-d39b-4600-acb4-d7a964e88170 -> no result
[37/387] b2c40856-09c7-4866-a1b0-6e9066a8455b -> no result
[38/387] 3b0c181b-4449-4d43-b1fa-d17530eaefb5 -> no result
[39/387] 602ad70c-bc3f-407d-939d-144fe30b31b4 -> no result
[40/387] 0f43212f-f0ce-4cdf-92c3-ff24ce85eac7 -> no result
[41/387] 69021df4-61bd-427c-a82d-0a1bbec4c3d1 -> no result
[42/387] f5954381-839b-4bc7-af23-2065c3471581 -> no result
[43/387] eb2c29fc-2418-4de4-83aa-c35ee6801b87 -> no result
[44/387] b1a78098-fbd6-493a-b5f2-1948115eabfc -> no result
[45/387] e86bf5bc-17a1-41cf-b5f5-5dde2a91683d -> no result
[46/387] eac27b3b-dbb3-4e20-b7e7-f0538d79e2ce -> no result
[47/387] d88c4423-789a-47cc-932f-655297da89bd -> no result
[48/387] c4feea24-cc4d-4e0a-ae33-aac21e80824e -> no result
[49/387] d65a0812-0fb7-4c0b-8ad1-da56765c0559 -> no result
[50/387] d06fe892-09a0-4c47-958f-7f391476c542 -> no result
[51/387] b136ece5-372e-4628-9225-cd7110163a30 -> no result
[52/387] a2a212e8-7895-425e-a8cd-146ddd3b7d08 -> no result
[53/387] aaf58db1-394d-40ae-a92f-e94a59a378e7 -> no result
[54/387] 4db86e05-1994-4056-9a8d-3f8a943762e4 -> no result
[55/387] 8920c3e4-2767-4ccf-94aa-c40cb1876f04 -> no result
[56/387] b66a50d7-7376-4703-b126-3bab5eea22bc -> no result
[57/387] dbbe82a4-ba33-4594-a21d-56f5e6ee77b0 -> no result
[58/387] c993690b-1360-4d86-a56e-8cf2cb5e0eee -> no result
[59/387] 9571ae00-9da6-47c4-90af-57eb7751438a -> no result
[60/387] 02fa689f-927d-45ac-9724-2e6f1433e243 -> no result
[61/387] 2b7a43cb-6083-4367-bbaa-4e19fe48a544 -> no result
[62/387] e748cc56-17f3-4989-9382-a268434fec79 -> no result
[63/387] b6e47311-5e1f-48d6-a992-7071be7f132c -> no result
[64/387] db09d3eb-d5fb-4263-b294-89966f02c363 -> no result
[65/387] 621073f1-5183-42af-8c8d-f8ee976b5e7f -> no result
[66/387] 4979a797-9671-49f8-8740-a6f58ff7cd6a -> no result
[67/387] 494768c3-8120-476f-9d92-c77b69207c37 -> no result
[68/387] 8e514763-7338-4aad-9b05-fb4b4378dc91 -> no result
[69/387] e1074230-b7e1-4603-9541-dba9c1d5c3e2 -> no result
[70/387] 0eef0730-f0d4-4b31-9a09-f507d4e8de49 -> no result
[71/387] d39dcffe-8752-44ec-bec4-fa9b0e814b7f -> no result
[72/387] 93b91fb2-b20b-4ff4-ad96-267f40b538bb -> no result
[73/387] aa2279e9-2f5c-43f2-bec9-3f581b3c517b -> no result
[74/387] 89279da3-1025-4c8c-b623-27cb336050b8 -> no result
[75/387] 92122db7-b1a1-49c0-87fb-730aeeacdfef -> no result
[76/387] 7ef9e823-10ef-4c45-86d7-7fa97a3e416c -> no result
[77/387] d8ab4f4c-0c1e-45c0-aff0-0ceb346a2e60 -> no result
[78/387] d1e1c5d2-128a-49da-8fe8-71192992806c -> no result
[79/387] 8c4d5045-48dd-493f-acd2-b23565cc2799 -> no result
[80/387] 81584c01-4b6f-4b8f-ba47-b2ab210f3138 -> no result
[81/387] 4e5008a3-0f5b-4f63-bd3e-d1d96dcd6f97 -> no result
[82/387] 9fc5ef27-4fe4-4d4f-b525-01ac00e7803b -> no result
[83/387] 409dad13-3aba-4b18-b760-31330cff511e -> no result
[84/387] aa5139c1-2735-4c99-a66e-f7c1f248fc60 -> no result
[85/387] d3dc9662-1396-47b1-98cd-58213a1eebf1 -> no result
[86/387] 11ca9970-3b88-4fd6-b775-ead8e30f47b9 -> no result
[87/387] ce31b4a3-0ac7-4d15-84d8-cdb30fccce18 -> no result
[88/387] dea872c5-fd57-4f29-b153-e892ffab33c4 -> no result
[89/387] 84cc0663-044a-4fce-b39b-a64bc40700d0 -> no result
[90/387] 8913b5e6-c2bc-483e-9a82-540fdcc76ecd -> no result
[91/387] 21c2e8f7-1edc-4edc-b66a-00ae8f55b439 -> no result
[92/387] 281f8db0-21dc-4810-8ac4-d4f6509ebbfb -> no result
[93/387] dccbb78f-9f71-4a20-9ee3-726d1b644e10 -> no result
[94/387] 106dbfd4-e7cd-4369-9688-33892ae8ee96 -> no result
[95/387] 5990a068-c98e-4a87-8863-5963873e91ba -> no result
[96/387] 1badd667-aff9-4f34-9ed5-b96f04617729 -> no result
[97/387] 4b9ba972-32b5-4f04-996c-7f826941a129 -> no result
[98/387] c7408ac3-50cb-48ec-be05-97e282db22ee -> no result
[99/387] d0792a95-9f29-40f2-b5f6-85ecd6cc9840 -> no result
[100/387] d85afddc-29d7-4a69-a5b5-544cde4acf76 -> no result
[101/387] 57be7a8b-c49d-453a-84fa-4b34559138c4 -> no result
[102/387] 30217fe3-6f3f-4d7e-8f59-4a349b1b5fb5 -> no result
[103/387] 2014a6de-091f-4492-90dd-511c5995e9dc -> no result
[104/387] de820f96-6113-4d01-83d7-5d001ec332e7 -> no result
[105/387] 82ab8383-2f4c-4895-8efc-aaa36bff12f8 -> no result
[106/387] bb7d7193-50d4-43f0-a7bf-8309cdf595d8 -> no result
[107/387] d938af45-58e1-4021-b0e7-b96261f7d0d4 -> no result
[108/387] f1432b5c-3421-446f-a39e-6f1a7683316f -> no result
[109/387] 1c1ae245-139d-4525-936d-fbe072f6a3f0 -> no result
[110/387] a443066f-47b0-49fe-8801-4811e6e6b17a -> no result
[111/387] eb36703b-8c8f-4254-a3dd-7b7088718217 -> no result
[112/387] 06dc3e2f-a78a-4419-aee7-d767f7305370 -> no result
[113/387] 60c606c8-dfa7-4e08-83c8-65e40aa65469 -> no result
[114/387] d7acb049-5f9a-434a-9dac-a3cb092c8e81 -> no result
[115/387] 7d67c031-af79-4f88-8a82-7a087f69da20 -> no result
[116/387] 550c776e-607f-4f2b-848f-00eb8e450f28 -> no result
[117/387] 5bcb01f5-0531-46df-a7f8-41bc67fd89f6 -> no result
[118/387] 6506ac1a-257f-47c8-84ca-de5031320b0c -> no result
[119/387] cc9b539d-d018-44a4-b20c-2b6567e37ee2 -> no result
[120/387] 67a781c2-2c8d-4243-8e9f-7af8fb6babb8 -> no result
[121/387] fb922dac-d15d-412f-b86d-5636e44bc7d8 -> no result
[122/387] 852df0fb-f2ea-44ee-8f14-02576e3c5c1c -> no result
[123/387] 4811a86b-c60a-426d-bfb1-0d74adfbee03 -> no result
[124/387] 04a7ce51-4849-4d70-a2fb-db544fbca0db -> no result
[125/387] f97d934a-8355-4d40-9325-b0efcd94a091 -> no result
[126/387] 04489729-0ae7-4701-a851-b4d9e1ece334 -> no result
[127/387] 03b67d54-f77b-48ea-ace0-ac02dcbb9bb5 -> no result
[128/387] 5fe3f894-1ea3-47d5-b0eb-efd2e48942bd -> no result
[129/387] 528a06e7-b8f4-49dd-9146-f3493bc0c20e -> no result
[130/387] 2ec4f6ca-b79e-4262-9a94-5f035d85831c -> no result
[131/387] d4546399-7843-449a-99eb-34a1d6eb4609 -> no result
[132/387] 2456773c-a41c-4ded-8797-7f61583df442 -> no result
[133/387] 7367c52b-ea94-40ff-a79f-108d875c0852 -> no result
[134/387] d61fd1ff-5678-422d-8038-35523d217be4 -> no result
[135/387] e37f9d24-009a-491a-8355-1d375d3ed2fe -> no result
[136/387] 34b23eb3-a32a-46f7-81db-b42e082df078 -> no result
[137/387] 859e7cd1-7768-4b82-a232-96c5c363f151 -> no result
[138/387] 3cdb6eff-2ca3-411f-8faa-1ce7f2313cdb -> no result
[139/387] 74e309be-bb3e-40f1-b6e3-868e27f34b34 -> no result
[140/387] f34f72fa-8b32-4510-9d14-d66825822d4f -> no result
[141/387] b752f39a-368b-4342-a985-07bc488e4ff9 -> no result
[142/387] 8b29bf1e-40f4-495b-9f1b-f88767178c85 -> no result
[143/387] 46502565-07c1-4d2f-8557-5739b470bfb0 -> no result
[144/387] be0aed04-4a48-4571-a318-d393d630ea21 -> no result
[145/387] af28a5cb-1502-4480-9548-10e59ff56c01 -> no result
[146/387] 0e1e2d8e-ab7d-41fb-8a72-47bbed323604 -> no result
[147/387] df81c571-f0f6-46b3-a8f7-a880202b20bb -> 36.0211463, -86.5561696
[148/387] f0aa7d19-50f6-4ce8-b0fe-46a16d828bb7 -> 32.505484, -84.873085
[149/387] 2c059b31-d952-479b-9f0c-52ab747961ef -> 29.2940321, -81.1201601
[150/387] da41e5ab-f211-4600-ba11-0b55b50d5bd9 -> 42.8465063, -82.4970472
[151/387] f289708b-f17a-4af0-bafb-932eaa320877 -> 39.8537749, -82.7874663
[152/387] 4ce7a93a-f930-4e5e-89ef-4a6c4003fb5f -> 35.95188, -85.472257
[153/387] 10d44b74-bee2-4758-9118-c5c52a45f6cc -> 37.7347684, -87.157548
[154/387] f9664e04-f66b-4d53-addf-96db061c2a79 -> no result
[155/387] 290c86fd-d34f-4465-a3f9-4a08c7c9f16c -> 40.0354484, -85.7518093
[156/387] cb647be1-ffba-4e57-a051-40756cdcf5df -> 39.1902028, -85.8944737
[157/387] 7dbd3c45-d968-48e2-9d6c-6d8598115c08 -> 39.6489368, -86.8008584
[158/387] bba599a8-1140-4994-873a-acca4fa61958 -> no result
[159/387] cefee2e0-f430-48eb-ad37-73fca94df6d5 -> 40.0355007, -86.4901254
[160/387] d084c338-c1fd-4462-99cb-ec5ce9cd2f16 -> 41.1239013, -85.16379
[161/387] 6017367f-b095-4072-a9f4-130030abe2b9 -> 39.7549412, -86.1966698
[162/387] 71eb0d58-8ce0-49e3-ae89-27a6422f4180 -> no result
[163/387] dd7e99ae-5136-4fef-90c2-45e09ba82ffb -> 41.622532, -86.7037898
[164/387] 94e2b879-0b8d-488f-9465-8b3dfa23ab06 -> 40.2909133, -83.5568434
[165/387] 7b4785a6-d142-4f50-9bed-de2283c0872a -> 35.0397092, -89.876
[166/387] 47e80a25-0cbe-44d5-9415-edc5fccf4902 -> no result
[167/387] ca0e76a6-e892-43ba-b15e-56a66de421cc -> 34.9066103, -82.0912497
[168/387] faf8812c-d3da-4e08-9a29-2bb30533c158 -> 38.2244957, -85.1959567
[169/387] 24b09b39-b870-4753-a305-561f0cfadc68 -> 32.9970597, -85.0439848
[170/387] c3c13bca-7f12-41e2-a239-a43898b7842a -> no result
[171/387] 4681702d-dd22-4aa9-b182-50708fcc4570 -> 33.1338428, -80.2475588
[172/387] 3527a41a-b864-4172-95b3-7bf2a591b6c0 -> 34.861051, -82.261351
[173/387] db7d8902-e0f9-4677-86c2-30d5060611b8 -> 33.5426039, -84.5775804
[174/387] 17b33b99-0a1f-4fd8-9c1e-cdf2274ad5f9 -> 38.8826448, -86.4834907
[175/387] 58bb778b-3875-4a01-98c6-3843b6b7289b -> no result
[176/387] dee0d5a1-2082-47a3-ac7b-651a3be6bd60 -> 39.7108408, -86.3493419
[177/387] 4fb3a6b6-fb36-4036-9c6e-769b0b287fe7 -> 39.850858, -84.9171656
[178/387] c6c701b5-4310-4c13-9511-f55725c9c7d0 -> 41.478745, -81.651561
[179/387] bc66a102-83cf-4bd9-8c0b-b5f1b3f1e795 -> 39.9190464, -82.9457137
[180/387] 0a41f451-0dde-4824-aec6-344e32efffc5 -> 41.4042748, -83.6507589
[181/387] 2ecbfac1-6db7-4990-b610-af1d6efaa966 -> 42.3310809, -83.0997212
[182/387] 8c8ec57f-cbc2-43cf-860b-99b776c6bd73 -> 42.663488, -83.2906105
[183/387] 0e8db6b0-aa8b-4262-a124-b18a95750650 -> 42.3808524, -82.9795269
[184/387] e695410e-8fcd-4cf7-9560-0a47b15a0a82 -> 42.5175306, -83.5442151
[185/387] 24da5868-cda3-47ed-b3c9-1f944c7e2489 -> no result
[186/387] eb4b48c5-d2d8-4aba-a280-440002aa0b5e -> 36.5862568, -87.2580897
[187/387] a2dec117-cfc9-44a0-b834-742daa38ffc5 -> 38.6825651, -84.5838822
[188/387] 1054538c-9410-4234-a025-61b058621ae7 -> no result
[189/387] aa06949d-ab5c-438b-bd73-aefa18390800 -> 40.4541931, -86.0987932
[190/387] 3cec0929-5968-4600-913f-62f6ad996baf -> 41.6811773, -86.1221341
[191/387] 9857292a-f78d-415d-b800-dc72d1b057b6 -> 39.929409, -86.019101
[192/387] 170201ce-a04e-4e91-af4a-5b9f5abd5055 -> 39.7069961, -86.2613411
[193/387] 8b8f519c-911c-442a-a715-809bb59fbdf2 -> no result
[194/387] 092b1ae0-723e-48c8-964d-ee000f3284fa -> no result
[195/387] f7a36a07-8723-439e-8d89-1f75e7da7bc7 -> 39.816533, -86.0265822
[196/387] 873daa7c-6e97-4b19-8870-1fffb1a15adb -> 39.3005068, -85.7543061
[197/387] a8cb7ef5-1c53-4a37-b80c-f0f45cb359b5 -> no result
[198/387] 062c494e-86ec-4db3-9748-538a9d452a51 -> 39.3024314, -84.4712643
[199/387] 6b71b318-144b-4091-b0d1-f867379220b7 -> 40.8971714, -83.8868031
[200/387] bbc366a7-9f91-4150-9472-b6cbe0286459 -> 41.4042748, -83.6507589
[201/387] 2f1ad0d6-20ae-4941-afe1-8dc142321e6e -> 32.5587992, -83.8799993
[202/387] 2d1ae9ae-de4d-4202-944a-1ee096731f91 -> 32.9950072, -85.0624512
[203/387] 7d58d0d4-147b-41c6-ad68-d2187ae6ff68 -> 34.9023498, -82.1713909
[204/387] 4e5edad3-6789-488c-97a7-2ac6dfb60488 -> 34.6727525, -82.9836346
[205/387] 598f54c5-00b1-4614-a593-a222e08e81e9 -> no result
[206/387] 9bb08ea0-688e-435d-b252-3dfd299f6120 -> 39.2039719, -85.9228837
[207/387] c29a6207-7697-4f66-bdce-12d06ae8fb9c -> 39.7361068, -86.2348816
[208/387] 6b9239a7-219a-4a14-af07-a3235488c702 -> no result
[209/387] aa8e17aa-b106-4419-8587-5f43d89f8375 -> 39.5810238, -86.091044
[210/387] 4a17c991-6d03-479b-8d4e-0502db15835f -> 41.6801206, -83.5663041
[211/387] baeeafd5-1a20-48bd-b0b4-8df30b1a8ef5 -> no result
[212/387] 37fb7811-7336-4bc8-8e2a-7cc0b60de357 -> 39.8511632, -82.8300054
[213/387] 47153d71-11ec-41d6-9f71-0ca516385f33 -> 41.4042748, -83.6507589
[214/387] bf34933e-2729-438d-9837-1a03d3fa6ec0 -> 40.0930914, -83.7618237
[215/387] 6655b022-81b5-42c5-8668-ef4a05ca2407 -> 39.9195226, -82.9559801
[216/387] 782a2b59-9b62-4ad7-9839-65d6c002d37e -> 41.5949758, -83.5280582
[217/387] 4c8d80e6-0159-4638-86e1-efd6ef14cebd -> 41.3817054, -83.6088821
[218/387] 3ffb6cd9-b178-4749-b779-e35a5b67674d -> 41.47192, -82.0018254
[219/387] e4a89879-e717-4d7f-9229-348754aa94aa -> 42.4578128, -83.1223937
[220/387] 56cfc3ec-b293-433c-97f8-e4541e25e548 -> 40.9078216, -81.0963472
[221/387] 093976a6-d8ff-47f8-bb9e-2363592d1f53 -> no result
[222/387] 252d694d-3430-4dda-97ba-ddd5459a4f82 -> no result
[223/387] 42faeafa-ed4e-4b7e-98a5-d6b23ae64fb4 -> 41.6999489, -86.3076218
[224/387] 997b0d32-8127-4a8d-88ad-dd01ffb3b952 -> no result
[225/387] 76a88108-b12b-42c9-a483-db6e1e61a264 -> 38.35517, -87.567686
[226/387] 519aef65-5390-4307-81a2-265cbdc3fb31 -> 39.8630419, -86.1247093
[227/387] e1e80e3f-14ef-4295-a427-17789d8afeca -> 41.0790848, -84.948199
[228/387] 659ab772-4681-404e-b3c6-73273f8f2d9a -> no result
[229/387] d9a69444-daaa-4f73-81f1-c0ebae9afd74 -> no result
[230/387] 9db2437e-33a2-4cb7-be4b-5b7efe739573 -> 40.3244515, -83.5852321
[231/387] 9d9cf08a-61c6-4c22-b168-26a353c0663f -> 41.7212507, -83.5807619
[232/387] 5c9ac386-ea11-4a0b-beda-d4f1a3aeee57 -> 41.4704563, -82.0075186
[233/387] 3db06977-4fff-48be-9b63-c75bcef360cd -> 39.3195195, -82.1368407
[234/387] 25ba737e-5d12-4282-850a-9336dbb9e19c -> no result
[235/387] bc561859-1259-4daa-b2bb-fa51cc31f947 -> 41.3819358, -83.604427
[236/387] ebbf7d08-703e-4d31-9c4e-3b7f45d00ccb -> 40.2752994, -84.1902008
[237/387] 46a77aab-13fe-4daf-a35e-5bf67c9cffcb -> 41.2616285, -82.8404496
[238/387] 69ae5777-7c5f-45e8-b17f-140d418e9442 -> 41.6303817, -83.5095243
[239/387] eae1a37d-b532-4542-8261-ca6744699021 -> 39.9612702, -83.1176946
[240/387] 29d51969-b75a-4b29-91e5-be67fac53ed8 -> 41.4042748, -83.6507589
[241/387] 53d94e1d-18c4-409e-9ef5-539fdef54975 -> 34.4467889, -79.3835436
[242/387] 9dbe4baf-8869-4352-9124-82d9e7ef47eb -> no result
[243/387] b4c8f969-b348-4d05-ba2d-35567d69ce6d -> 41.6765849, -86.2444389
[244/387] 37c78f10-540c-441f-a3be-498835b8a5c4 -> 40.8671952, -85.502868
[245/387] b247f299-c719-4552-80d5-8f7d2ab9fff0 -> 38.0215245, -87.5215876
[246/387] 7e175ebf-fc97-463c-bba2-25ef5884f917 -> 39.7619299, -86.1954954
[247/387] d65afe7b-0592-4bf5-b429-a96879afbab5 -> 41.6607, -86.002999
[248/387] 91b0c656-86ce-403f-9c3c-e74e1b36b37f -> no result
[249/387] 043a3751-5479-43e3-b4c5-aafc9729816d -> 39.0192558, -85.6348464
[250/387] fb9eda11-b978-4e0f-bca1-00f7cfba6352 -> 40.5928988, -86.6794403
[251/387] 9afe3f28-6ad0-487c-aded-0ff070434e70 -> no result
[252/387] 057e7bee-dcc4-45d9-9ac6-a9f2dd00835f -> no result
[253/387] 00981c57-6420-4279-bc3d-06b049869b08 -> 41.462427, -82.146363
[254/387] f9e8e4ea-3938-4813-abbb-fe135355f513 -> no result
[255/387] 15c1b03a-8655-4194-8bc8-4d3b67ebcd77 -> no result
[256/387] b273f974-bb04-4806-83aa-0444b93c806d -> no result
[257/387] 7dbc2781-c1d4-4126-98e4-6d39f6de090e -> 41.6754777, -84.5559819
[258/387] c72ab894-31d6-41d8-ba22-6316065752f6 -> no result
[259/387] ca9ef903-06e3-4099-b00c-ce2d81a03b45 -> 40.8969895, -83.8802649
[260/387] 912d6951-7b01-41b1-b7a5-b80404fc126c -> 42.5480798, -83.162924
[261/387] 7bc40292-e6cc-4e32-afc7-a28af0609261 -> no result
[262/387] 6b0135b4-1e76-4baf-8319-a29abe3e7fcc -> 42.5698937, -83.0307069
[263/387] 42b2cb5d-2f2b-4ee4-bfa3-fe6eaa773255 -> no result
[264/387] 288094f5-6041-4d34-92dd-e893d30f4b51 -> 42.7007277, -83.2770266
[265/387] bf43b893-0698-4f7e-ae8f-a827cea3709f -> 39.83092, -84.8508785
[266/387] 4229e330-dff4-49ad-8556-3c9da3dc39dd -> 39.7314444, -86.2361819
[267/387] d3a65219-86e6-4521-ad56-ea041623ab9f -> 40.0139816, -86.0043035
[268/387] 1330ff99-df05-44b9-a1c2-c7984505415c -> 39.7412108, -86.1959942
[269/387] 7655ad65-8f8e-493d-93ed-95d9e9198e71 -> 39.8886391, -86.2479017
[270/387] 646f9f71-8506-44d4-a381-30d485540e3f -> 37.9804862, -87.5415588
[271/387] 753f97d0-037a-44fc-81d8-3497ed6f3907 -> 39.7231505, -86.1705995
[272/387] 7cd604c5-e8b1-4fb2-bada-cdbea78639ad -> 41.691185, -83.526885
[273/387] 9d3ab584-93ac-4378-9990-9d0206e68f1d -> 41.4186905, -81.8193648
[274/387] c228cf93-78b6-4a74-a028-d99abb5782b8 -> no result
[275/387] f1628a05-655c-45a7-a756-669cadc5e314 -> 41.3819202, -83.6079105
[276/387] dd9e0a1a-7306-42af-bae2-52e780c74039 -> no result
[277/387] 28694f1d-db37-4e64-9c7c-35df65441dc0 -> 41.5700356, -83.6785606
[278/387] 01828f4b-2fc2-4307-b82f-93087dc9ab82 -> 39.9352724, -83.8577765
[279/387] 6a7b9599-a075-4c70-a375-359aa5deefe6 -> 41.1829166, -83.6876019
[280/387] 3e3b4c56-4d6e-4444-aa54-e025036a96a3 -> no result
[281/387] 15667db6-84b0-4346-bd70-cc0a56479eb0 -> 42.4765436, -83.2890484
[282/387] a7161761-4a0d-4b14-a798-4d166729462f -> 42.468868, -83.38928
[283/387] 9ea4353b-6599-4ca9-902d-919921122658 -> 42.5414554, -83.1206314
[284/387] 6419c655-e6a0-4483-b703-8553fa599eac -> no result
[285/387] 6abb16d9-c214-4b91-8456-862d3cedade3 -> 39.7312503, -86.1705436
[286/387] f3882c62-49cc-4833-a9b1-059d9333bdff -> 41.5832262, -85.8166186
[287/387] 42067a7a-6b99-473c-84ab-e3cf36bc852e -> 41.4482102, -86.1687595
[288/387] 86bea258-eb5a-4293-b529-a044a6189742 -> 40.3803613, -84.1924436
[289/387] 2a0d9fd2-c0e3-4e72-8eee-95ca61bafd7f -> no result
[290/387] 6a92c074-a053-4c8a-89b1-b675415121e3 -> no result
[291/387] 526ff653-6be9-4e76-a25c-d2af9b72eeb3 -> no result
[292/387] a8907e33-293b-4924-8cd6-c3f478b73c8f -> 39.921921, -83.130525
[293/387] fd094ea4-c784-408d-8b61-8b769cf7266c -> no result
[294/387] cc070c20-233c-4d84-9222-b58d7e85f0fb -> 41.413435, -81.7689204
[295/387] dc21d6db-bf38-4ca9-a52f-26bca0c35bf0 -> no result
[296/387] 248ffa04-92b4-44c6-a4a4-2b7b2170b8ef -> no result
[297/387] de1fa6dc-3aa1-4670-9432-0216c3fdd7ee -> 41.7218384, -83.5496218
[298/387] fd4622ec-7924-48a7-b3b8-541917d18951 -> 40.7790554, -81.3951331
[299/387] 8e8d3c81-d343-4859-8d0f-eb98dad8bfbf -> 41.6750844, -83.4775044
[300/387] 4a7c3251-272e-4d2b-865f-b5c8e007821d -> 41.9285552, -86.5643548
[301/387] e49ce399-ea56-400e-b320-a805eb26046f -> 42.8486732, -82.4971429
[302/387] 5071dc86-a12a-4afb-ad4c-a97ce4f67b72 -> 42.6725684, -83.2432959
[303/387] e6e0133c-7d6f-48e6-a2a9-38c7582c5956 -> 40.3630115, -83.7833634
[304/387] 8306eaaf-d3ee-4287-91e2-2f1371d5fb09 -> 25.8017288, -80.3366252
[305/387] 5b0f7fb8-d5d0-4a48-868f-1d90d2bc6a4b -> 32.9634533, -80.1076729
[306/387] 6ccfa0f7-9593-41e5-be88-3b494a3470a9 -> 39.1202156, -86.5313316
[307/387] e73c945a-5e94-4cd6-a895-c80066aca0fc -> 39.6445647, -85.1333495
[308/387] 0881c6a4-0c67-4779-abfa-45f581da445e -> no result
[309/387] cde2def6-d890-40b3-90f2-b5fa1ffdeb52 -> 40.3412116, -85.6445617
[310/387] c9a09506-ced3-483a-870d-0029f5dfcd7b -> 40.279173, -83.5101325
[311/387] a7893623-3723-410f-b94e-2cf252dbd488 -> no result
[312/387] 2c9e43df-d523-48e3-a711-af87f9d03dde -> no result
[313/387] 7faaa3da-8e22-4c12-ae11-e67ffeb3d714 -> no result
[314/387] 8b00c758-e8f4-4602-a6c5-659fd1ddedf1 -> no result
[315/387] 4bac2c06-a5f7-49a5-a34a-2919978261fd -> no result
[316/387] 085bbf9a-e7cc-4b87-9f45-69ec3d59cc61 -> 39.9304565, -82.8823905
[317/387] f4abd083-334b-4994-b3b1-1a152c765333 -> no result
[318/387] 7997ccac-3f9c-45a9-bc42-e674dc23c942 -> 41.4638875, -81.66669
[319/387] 730197e3-a000-461f-89bb-0b64ee56c39e -> no result
[320/387] de3f9134-bce3-45e3-92aa-c755368677b0 -> no result
[321/387] a22e7554-0b9b-4b6d-9850-74578363b862 -> no result
[322/387] 395570a6-2bf1-4022-b0af-21ec1f54cca5 -> 38.703076, -85.7990342
[323/387] 6d1e3b5b-24a3-41b7-9540-905ec89ff6bc -> 36.802493, -87.3895599
[324/387] 9f3f1b80-d3e3-4680-968a-cecf9ff1bd20 -> 39.9622857, -83.7664591
[325/387] feae94b2-4280-424a-8ef6-2e80b1a9cb01 -> no result
[326/387] f4aa2a6d-0c14-4beb-a9b4-0ed4a17b0ef0 -> 39.9947398, -83.1378363
[327/387] c9356456-bf72-411b-b758-a01d679c8117 -> 40.6117706, -83.1409024
[328/387] aa7bc730-0282-49c3-b28e-73a33ef4b848 -> 41.4094603, -82.2804092
[329/387] 80e7aeb5-4fd3-4e0f-8368-b382c45a6800 -> 40.838796, -81.910174
[330/387] 18f7802d-45d9-4bea-a38a-0e976c861b38 -> no result
[331/387] 051a60a6-66bb-4ac4-acd0-c610c3076ccc -> 41.3196256, -81.7644872
[332/387] 4aba3844-ce8b-430b-a282-dd7141af5f5c -> no result
[333/387] c56f64f0-ab58-4650-9204-c5b5b981512c -> no result
[334/387] 3b5ca6c2-6e7b-455d-bab2-a5e0c8119478 -> 39.09883, -84.529256
[335/387] f931466a-917a-4015-95e2-21d61b6d6faa -> no result
[336/387] 22920c76-3ad4-4aa7-8c4e-255d203c7c32 -> 43.4343937, -83.9385997
[337/387] 62512f02-eb1c-4d66-bbc7-5c4a2dfb51cf -> 42.3730738, -82.9665473
[338/387] cd729264-aa10-4281-880d-807ee454e44f -> 42.910057, -85.5958633
[339/387] f71f5280-34cc-4e75-a795-4a0f46c957f4 -> no result
[340/387] a55b362f-c1f0-4122-a581-cfe7568c7487 -> 37.8617666, -84.5769092
[341/387] 81b26284-192c-4210-b3cb-03147a29e4f0 -> no result
[342/387] 6461fc2c-583e-48f0-b464-5cb6831b309a -> no result
[343/387] bcc4b13c-cd0b-4f3f-bb9c-2a6682ed5389 -> 40.7633216, -82.5060305
[344/387] fbc63f02-6e95-43e4-9aca-197089c6df4f -> 39.9026756, -82.9387044
[345/387] 9dd926fc-de05-4b15-9fe1-a08ba5482801 -> no result
[346/387] abc042e1-6b4c-43b4-9292-e118ef019b82 -> no result
[347/387] d76950fc-a12f-46f6-8be4-017c897537d6 -> no result
[348/387] 99a0f6b2-5da3-46a5-b701-1ba4d0d2b32f -> 42.1744173, -83.3909311
[349/387] 853fc30f-9632-42cb-8a59-ebeba632a8b6 -> no result
[350/387] 5401c614-a983-4cf6-9ad8-82df142622a0 -> no result
[351/387] 286a2f70-d665-4981-8a0f-1c11ab430a17 -> 41.4866464, -82.0641657
[352/387] 4a620f46-d7de-45a3-9164-b8b519e88fbc -> 41.2288106, -82.121372
[353/387] d7b261d5-26ed-4bdf-8fd4-018ecd15269d -> 40.09373, -82.816256
[354/387] 3a7d55fb-ec65-40cf-8d4d-d426788e0fcb -> 41.0347652, -82.023868
[355/387] 6bc6d56c-1fc6-44af-b8d4-f119632cf1e6 -> 39.5007405, -84.3921751
[356/387] a36793e7-1363-4c27-b988-65bd64fa9964 -> 39.7933979, -84.1719596
[357/387] d0bba35b-9209-4369-81ce-75f787de0c53 -> 42.536297, -83.0869018
[358/387] 3712e974-802c-479b-8dbb-c02464a15b5b -> 42.45796, -83.044378
[359/387] 26598a1d-a91a-4a35-9d88-e8987749e9e1 -> 41.0377653, -81.8803576
[360/387] 625ef947-b070-441e-9d9f-5a85b303d862 -> 34.6717389, -82.1919302
[361/387] cc1cdce1-ebd5-40c7-9407-0af97161ab47 -> 37.8394321, -85.4776041
[362/387] a65a8bbd-859c-4102-abdb-43bdf0f64b50 -> no result
[363/387] a44d71d6-6377-4886-8325-f024deaafb50 -> 34.9531403, -89.7944812
[364/387] 384daded-d88a-4b15-88b5-1ca6a4184d55 -> 37.3155117, -88.0890357
[365/387] fa794607-9eb1-4f20-b71e-c8958d9e599d -> 40.9607123, -85.3009706
[366/387] d5d6b8d3-a0b7-47ed-b004-327e0684d600 -> no result
[367/387] 1e3cd10c-8c28-4076-a581-b10d00662bc6 -> 39.6535826, -85.1388339
[368/387] b9db1742-afa2-4c52-8caf-4603f927e855 -> 41.691185, -83.526885
[369/387] 5aea4a15-407f-49bc-840c-10e7bf66ad2b -> 42.2260186, -84.3661829
[370/387] 072c8e0f-2806-4010-a10e-8f270df11267 -> 40.2213044, -83.3333366
[371/387] 040ff02c-c613-4c18-be4f-40d6eba74672 -> 35.0809114, -85.1536994
[372/387] 55fd00c1-b70a-4766-9322-a449517b1ee4 -> no result
[373/387] e6156500-2ed5-42a8-85a9-567563ff5c58 -> 34.6921749, -82.2430913
[374/387] b9c85a1d-c9a5-446a-8514-f72f7a75c6b9 -> 40.2429608, -82.86432
[375/387] 383cc167-4d3c-467f-a4e1-60f7472b9ed2 -> 33.577621, -80.817957
[376/387] ae36f835-d312-44d5-b703-262be29a25ec -> 42.8317094, -86.1033645
[377/387] a25261dd-9f81-4503-b8b8-3a33558aebbe -> no result
[378/387] 4a4e6829-25bd-4a83-bbb7-86c317ce5f8f -> no result
[379/387] fc741fe2-5d6e-4e65-95e4-71594e3492ee -> no result
[380/387] 35b53772-f16b-41c1-b1c4-64abd9cdbc90 -> no result
[381/387] e6e5cc29-4b59-4e60-9284-0382bc340d24 -> 40.5956391, -74.6838805
[382/387] 822c5d98-0673-4dbd-bf6b-3b82349a8d8d -> 35.05889, -85.27849
[383/387] 173f99d9-f03c-402a-9c00-3d3cdaa54780 -> 39.3687393, -85.5419195
[384/387] 2755e592-6cfe-4c43-90a2-120ee6524f97 -> 41.080475, -83.6190236
[385/387] e681ca89-a183-4360-b077-23a81909844a -> no result
[386/387] f7f82cdb-2005-4747-bca2-7a1f8c3714bc -> 35.0756526, -85.1569105
[387/387] f93c2a44-6881-48c1-be2c-ea206f894ec6 -> no result
Done. Geocoded: 169, failed: 218
